<?xml version="1.0" encoding="UTF-8"?>
<testng-results ignored="0" total="1" passed="1" failed="0" skipped="0">
  <reporter-output>
  </reporter-output>
  <suite started-at="2022-07-14T11:48:38 IST" name="Default suite" finished-at="2022-07-14T11:51:03 IST" duration-ms="145150">
    <groups>
    </groups>
    <test started-at="2022-07-14T11:48:38 IST" name="Default test" finished-at="2022-07-14T11:51:03 IST" duration-ms="145150">
      <class name="com.scoutr.testcases.CreatePositionTest">
        <test-method is-config="true" signature="verify_login_functionality()[pri:0, instance:com.scoutr.testcases.CreatePositionTest@618425b5]" started-at="2022-07-14T11:48:38 IST" name="verify_login_functionality" finished-at="2022-07-14T11:48:57 IST" duration-ms="19483" status="PASS">
          <reporter-output>
          </reporter-output>
        </test-method> <!-- verify_login_functionality -->
        <test-method signature="verifyPositionCreationEditDelete()[pri:1, instance:com.scoutr.testcases.CreatePositionTest@618425b5]" started-at="2022-07-14T11:48:57 IST" name="verifyPositionCreationEditDelete" finished-at="2022-07-14T11:51:03 IST" duration-ms="125627" status="PASS">
          <reporter-output>
          </reporter-output>
        </test-method> <!-- verifyPositionCreationEditDelete -->
      </class> <!-- com.scoutr.testcases.CreatePositionTest -->
    </test> <!-- Default test -->
  </suite> <!-- Default suite -->
</testng-results>
